<?xml version="1.0" encoding="UTF-8"?>
<!-- Generated by org.testng.reporters.JUnitXMLReporter -->
<testsuite ignored="0" hostname="DESKTOP-QKCBHM1" failures="0" tests="4" name="Default test" time="29.432" errors="0" timestamp="2022-04-04T03:58:15 EET">
  <testcase classname="generalTest.EndtoEndTest" name="InvokeBrowser" time="2.277"/>
  <testcase classname="generalTest.EndtoEndTest" name="Register" time="5.923"/>
  <testcase classname="generalTest.EndtoEndTest" name="Shopping" time="10.42"/>
  <testcase classname="generalTest.EndtoEndTest" name="Checkout" time="9.412"/>
</testsuite> <!-- Default test -->
