<?xml version="1.0" encoding="UTF-8"?>
<!-- Generated by org.testng.reporters.JUnitXMLReporter -->
<testsuite ignored="0" hostname="DESKTOP-QKCBHM1" failures="0" tests="4" name="Default test" time="18.767" errors="0" timestamp="2022-04-04T03:33:17 EET">
  <testcase classname="generalTest.EndtoEndTest" name="InvokeBrowser" time="0.821"/>
  <testcase classname="generalTest.EndtoEndTest" name="Register" time="5.81"/>
  <testcase classname="generalTest.EndtoEndTest" name="Shopping" time="6.515"/>
  <testcase classname="generalTest.EndtoEndTest" name="Checkout" time="4.351"/>
</testsuite> <!-- Default test -->
