<?xml version="1.0" encoding="UTF-8"?>
<testng-results ignored="0" total="4" passed="4" failed="0" skipped="0">
  <reporter-output>
  </reporter-output>
  <suite started-at="2022-04-04T03:57:45 EET" name="Default suite" finished-at="2022-04-04T03:58:15 EET" duration-ms="29432">
    <groups>
    </groups>
    <test started-at="2022-04-04T03:57:45 EET" name="Default test" finished-at="2022-04-04T03:58:15 EET" duration-ms="29432">
      <class name="generalTest.EndtoEndTest">
        <test-method is-config="true" signature="SetupEnv()[pri:0, instance:generalTest.EndtoEndTest@795cd85e]" started-at="2022-04-04T03:57:45 EET" name="SetupEnv" finished-at="2022-04-04T03:57:47 EET" duration-ms="1270" status="PASS">
          <reporter-output>
          </reporter-output>
        </test-method> <!-- SetupEnv -->
        <test-method signature="InvokeBrowser()[pri:1, instance:generalTest.EndtoEndTest@795cd85e]" started-at="2022-04-04T03:57:47 EET" name="InvokeBrowser" finished-at="2022-04-04T03:57:49 EET" duration-ms="2277" status="PASS">
          <reporter-output>
          </reporter-output>
        </test-method> <!-- InvokeBrowser -->
        <test-method signature="Register()[pri:2, instance:generalTest.EndtoEndTest@795cd85e]" started-at="2022-04-04T03:57:49 EET" name="Register" finished-at="2022-04-04T03:57:55 EET" duration-ms="5923" status="PASS">
          <reporter-output>
          </reporter-output>
        </test-method> <!-- Register -->
        <test-method signature="Shopping()[pri:3, instance:generalTest.EndtoEndTest@795cd85e]" started-at="2022-04-04T03:57:55 EET" name="Shopping" finished-at="2022-04-04T03:58:05 EET" duration-ms="10420" status="PASS">
          <reporter-output>
          </reporter-output>
        </test-method> <!-- Shopping -->
        <test-method signature="Checkout()[pri:4, instance:generalTest.EndtoEndTest@795cd85e]" started-at="2022-04-04T03:58:05 EET" name="Checkout" finished-at="2022-04-04T03:58:15 EET" duration-ms="9412" status="PASS">
          <reporter-output>
          </reporter-output>
        </test-method> <!-- Checkout -->
        <test-method is-config="true" signature="CloseBrowser()[pri:0, instance:generalTest.EndtoEndTest@795cd85e]" started-at="2022-04-04T03:58:15 EET" name="CloseBrowser" finished-at="2022-04-04T03:58:15 EET" duration-ms="109" status="PASS">
          <reporter-output>
          </reporter-output>
        </test-method> <!-- CloseBrowser -->
      </class> <!-- generalTest.EndtoEndTest -->
    </test> <!-- Default test -->
  </suite> <!-- Default suite -->
</testng-results>
