<?xml version="1.0" encoding="UTF-8"?>
<testng-results ignored="0" total="4" passed="4" failed="0" skipped="0">
  <reporter-output>
  </reporter-output>
  <suite started-at="2022-04-04T03:32:59 EET" name="Default suite" finished-at="2022-04-04T03:33:17 EET" duration-ms="18767">
    <groups>
    </groups>
    <test started-at="2022-04-04T03:32:59 EET" name="Default test" finished-at="2022-04-04T03:33:17 EET" duration-ms="18767">
      <class name="generalTest.EndtoEndTest">
        <test-method is-config="true" signature="SetupEnv()[pri:0, instance:generalTest.EndtoEndTest@6e171cd7]" started-at="2022-04-04T03:32:59 EET" name="SetupEnv" finished-at="2022-04-04T03:33:00 EET" duration-ms="1250" status="PASS">
          <reporter-output>
          </reporter-output>
        </test-method> <!-- SetupEnv -->
        <test-method signature="InvokeBrowser()[pri:1, instance:generalTest.EndtoEndTest@6e171cd7]" started-at="2022-04-04T03:33:00 EET" name="InvokeBrowser" finished-at="2022-04-04T03:33:01 EET" duration-ms="821" status="PASS">
          <reporter-output>
          </reporter-output>
        </test-method> <!-- InvokeBrowser -->
        <test-method signature="Register()[pri:2, instance:generalTest.EndtoEndTest@6e171cd7]" started-at="2022-04-04T03:33:01 EET" name="Register" finished-at="2022-04-04T03:33:07 EET" duration-ms="5810" status="PASS">
          <reporter-output>
          </reporter-output>
        </test-method> <!-- Register -->
        <test-method signature="Shopping()[pri:3, instance:generalTest.EndtoEndTest@6e171cd7]" started-at="2022-04-04T03:33:07 EET" name="Shopping" finished-at="2022-04-04T03:33:13 EET" duration-ms="6515" status="PASS">
          <reporter-output>
          </reporter-output>
        </test-method> <!-- Shopping -->
        <test-method signature="Checkout()[pri:4, instance:generalTest.EndtoEndTest@6e171cd7]" started-at="2022-04-04T03:33:13 EET" name="Checkout" finished-at="2022-04-04T03:33:17 EET" duration-ms="4351" status="PASS">
          <reporter-output>
          </reporter-output>
        </test-method> <!-- Checkout -->
      </class> <!-- generalTest.EndtoEndTest -->
    </test> <!-- Default test -->
  </suite> <!-- Default suite -->
</testng-results>
